<?xml version="1.0" encoding="UTF-8"?>
<!-- Generated by org.testng.reporters.JUnitReportReporter -->
<testsuite hostname="DESKTOP-105EU33" failures="0" tests="1" name="qa.runners.tc1Runner" time="14.292" errors="0" timestamp="2025-05-19T11:47:20 MST" skipped="0">
  <testcase classname="qa.runners.tc1Runner" name="runScenario" time="14.292"/>
</testsuite> <!-- qa.runners.tc1Runner -->
