<?xml version="1.0" encoding="UTF-8"?>
<!-- Generated by org.testng.reporters.JUnitReportReporter -->
<testsuite hostname="DESKTOP-105EU33" failures="0" tests="1" name="qa.runners.tc5Runner" time="9.350" errors="0" timestamp="2025-05-19T11:47:20 MST" skipped="0">
  <testcase classname="qa.runners.tc5Runner" name="runScenario" time="9.350"/>
</testsuite> <!-- qa.runners.tc5Runner -->
