<?xml version="1.0" encoding="UTF-8"?>
<!-- Generated by org.testng.reporters.JUnitReportReporter -->
<testsuite hostname="DESKTOP-105EU33" failures="0" tests="1" name="qa.runners.tc3Runner" time="13.626" errors="0" timestamp="2025-05-19T11:47:20 MST" skipped="0">
  <testcase classname="qa.runners.tc3Runner" name="runScenario" time="13.626"/>
</testsuite> <!-- qa.runners.tc3Runner -->
